0 info it worked if it ends with ok
1 verbose cli [
1 verbose cli   'C:\\Program Files\\nodejs\\node.exe',
1 verbose cli   'C:\\Users\\Luke\\AppData\\Roaming\\npm\\node_modules\\npm\\bin\\npm-cli.js',
1 verbose cli   'start'
1 verbose cli ]
2 info using npm@3.10.10
3 info using node@v16.14.0
4 verbose run-script [ 'prestart', 'start', 'poststart' ]
5 info lifecycle reglog@1.0.0~prestart: reglog@1.0.0
6 silly lifecycle reglog@1.0.0~prestart: no script for prestart, continuing
7 info lifecycle reglog@1.0.0~start: reglog@1.0.0
8 verbose lifecycle reglog@1.0.0~start: unsafe-perm in lifecycle true
9 verbose lifecycle reglog@1.0.0~start: PATH: C:\Users\Luke\AppData\Roaming\npm\node_modules\npm\bin\node-gyp-bin;C:\Users\Luke\Desktop\HIT REVIEW 22 FEBRUARY\reglog\node_modules\.bin;C:\Program Files\Common Files\Oracle\Java\javapath;C:\WINDOWS\system32;C:\WINDOWS;C:\WINDOWS\System32\Wbem;C:\WINDOWS\System32\WindowsPowerShell\v1.0\;C:\WINDOWS\System32\OpenSSH\;C:\TDM-GCC-64\bin;C:\Program Files\nodejs\;C:\Program Files\Git\cmd;C:\Program Files\dotnet\;C:\Program Files (x86)\Microsoft SQL Server\150\DTS\Binn\;C:\Program Files\Azure Data Studio\bin;C:\Program Files\Microsoft SQL Server\Client SDK\ODBC\170\Tools\Binn\;C:\Program Files (x86)\Microsoft SQL Server\150\Tools\Binn\;C:\Program Files\Microsoft SQL Server\150\Tools\Binn\;C:\Program Files\Microsoft SQL Server\150\DTS\Binn\;C:\Program Files\Microsoft SQL Server\130\Tools\Binn\;C:\Program Files\CMake\bin;C:\mingw64\bin;C:\mingw64\x86_64-w64-mingw32;C:\Program Files\MySQL\MySQL Shell 8.0\bin\;C:\Users\Luke\AppData\Local\Microsoft\WindowsApps;C:\Users\Luke\AppData\Local\Programs\Microsoft VS Code\bin;C:\Program Files\Java\jdk-11.0.14\bin;C:\Users\Luke\AppData\Roaming\npm;C:\Users\Luke\.dotnet\tools;C:\Program Files\Azure Data Studio\bin;C:\Users\Luke\Desktop\glew-2.1.0\bin\Release\x64;C:\mingw64\bin;C:\mingw64\x86_64-w64-mingw32;
10 verbose lifecycle reglog@1.0.0~start: CWD: C:\Users\Luke\Desktop\HIT REVIEW 22 FEBRUARY\reglog
11 silly lifecycle reglog@1.0.0~start: Args: [ '/d /s /c', 'nodemon app' ]
12 silly lifecycle reglog@1.0.0~start: Returned: code: 3221225786  signal: null
13 info lifecycle reglog@1.0.0~start: Failed to exec start script
14 verbose stack Error: reglog@1.0.0 start: `nodemon app`
14 verbose stack Exit status 3221225786
14 verbose stack     at EventEmitter.<anonymous> (C:\Users\Luke\AppData\Roaming\npm\node_modules\npm\lib\utils\lifecycle.js:255:16)
14 verbose stack     at EventEmitter.emit (node:events:520:28)
14 verbose stack     at ChildProcess.<anonymous> (C:\Users\Luke\AppData\Roaming\npm\node_modules\npm\lib\utils\spawn.js:40:14)
14 verbose stack     at ChildProcess.emit (node:events:520:28)
14 verbose stack     at maybeClose (node:internal/child_process:1092:16)
14 verbose stack     at Process.ChildProcess._handle.onexit (node:internal/child_process:302:5)
15 verbose pkgid reglog@1.0.0
16 verbose cwd C:\Users\Luke\Desktop\HIT REVIEW 22 FEBRUARY\reglog
17 error Windows_NT 10.0.19042
18 error argv "C:\\Program Files\\nodejs\\node.exe" "C:\\Users\\Luke\\AppData\\Roaming\\npm\\node_modules\\npm\\bin\\npm-cli.js" "start"
19 error node v16.14.0
20 error npm  v3.10.10
21 error code ELIFECYCLE
22 error reglog@1.0.0 start: `nodemon app`
22 error Exit status 3221225786
23 error Failed at the reglog@1.0.0 start script 'nodemon app'.
23 error Make sure you have the latest version of node.js and npm installed.
23 error If you do, this is most likely a problem with the reglog package,
23 error not with npm itself.
23 error Tell the author that this fails on your system:
23 error     nodemon app
23 error You can get information on how to open an issue for this project with:
23 error     npm bugs reglog
23 error Or if that isn't available, you can get their info via:
23 error     npm owner ls reglog
23 error There is likely additional logging output above.
24 verbose exit [ 1, true ]
